<?xml version="1.0" encoding="UTF-8"?>
<coverage generated="1751922741473" clover="3.2.0">
  <project timestamp="1751922741474" name="All files">
    <metrics statements="26" coveredstatements="26" conditionals="19" coveredconditionals="17" methods="13" coveredmethods="13" elements="58" coveredelements="56" complexity="0" loc="26" ncloc="26" packages="3" files="5" classes="5"/>
    <package name="components">
      <metrics statements="13" coveredstatements="13" conditionals="10" coveredconditionals="9" methods="7" coveredmethods="7"/>
      <file name="Dropdown.tsx" path="C:\Users\Antonio\Desktop\Fork Kaizen\FRONT_Kaizen\src\components\Dropdown.tsx">
        <metrics statements="7" coveredstatements="7" conditionals="8" coveredconditionals="7" methods="4" coveredmethods="4"/>
        <line num="28" count="2" type="stmt"/>
        <line num="29" count="3" type="cond" truecount="2" falsecount="0"/>
        <line num="30" count="2" type="stmt"/>
        <line num="31" count="2" type="stmt"/>
        <line num="33" count="1" type="stmt"/>
        <line num="37" count="2" type="stmt"/>
        <line num="56" count="4" type="stmt"/>
      </file>
      <file name="LogoutButton.tsx" path="C:\Users\Antonio\Desktop\Fork Kaizen\FRONT_Kaizen\src\components\LogoutButton.tsx">
        <metrics statements="5" coveredstatements="5" conditionals="0" coveredconditionals="0" methods="2" coveredmethods="2"/>
        <line num="4" count="2" type="stmt"/>
        <line num="6" count="2" type="stmt"/>
        <line num="7" count="1" type="stmt"/>
        <line num="8" count="1" type="stmt"/>
        <line num="11" count="2" type="stmt"/>
      </file>
      <file name="PrivateRoute.tsx" path="C:\Users\Antonio\Desktop\Fork Kaizen\FRONT_Kaizen\src\components\PrivateRoute.tsx">
        <metrics statements="1" coveredstatements="1" conditionals="2" coveredconditionals="2" methods="1" coveredmethods="1"/>
        <line num="5" count="2" type="cond" truecount="2" falsecount="0"/>
      </file>
    </package>
    <package name="components.Button">
      <metrics statements="4" coveredstatements="4" conditionals="4" coveredconditionals="4" methods="1" coveredmethods="1"/>
      <file name="Button.tsx" path="C:\Users\Antonio\Desktop\Fork Kaizen\FRONT_Kaizen\src\components\Button\Button.tsx">
        <metrics statements="4" coveredstatements="4" conditionals="4" coveredconditionals="4" methods="1" coveredmethods="1"/>
        <line num="9" count="1" type="stmt"/>
        <line num="12" count="2" type="cond" truecount="2" falsecount="0"/>
        <line num="14" count="2" type="stmt"/>
        <line num="24" count="1" type="stmt"/>
      </file>
    </package>
    <package name="lib">
      <metrics statements="9" coveredstatements="9" conditionals="5" coveredconditionals="4" methods="5" coveredmethods="5"/>
      <file name="auth.ts" path="C:\Users\Antonio\Desktop\Fork Kaizen\FRONT_Kaizen\src\lib\auth.ts">
        <metrics statements="9" coveredstatements="9" conditionals="5" coveredconditionals="4" methods="5" coveredmethods="5"/>
        <line num="1" count="2" type="stmt"/>
        <line num="2" count="2" type="stmt"/>
        <line num="6" count="5" type="cond" truecount="2" falsecount="1"/>
        <line num="11" count="5" type="stmt"/>
        <line num="12" count="5" type="cond" truecount="2" falsecount="0"/>
        <line num="13" count="4" type="stmt"/>
        <line num="14" count="4" type="stmt"/>
        <line num="18" count="1" type="stmt"/>
        <line num="21" count="3" type="stmt"/>
      </file>
    </package>
  </project>
</coverage>
