{"C:\\Users\\Antonio\\Desktop\\Fork Kaizen\\FRONT_Kaizen\\src\\components\\Dropdown.tsx": {"path":"C:\\Users\\Antonio\\Desktop\\Fork Kaizen\\FRONT_Kaizen\\src\\components\\Dropdown.tsx","statementMap":{"0":{"start":{"line":28,"column":25},"end":{"line":35,"column":5}},"1":{"start":{"line":29,"column":8},"end":{"line":34,"column":9}},"2":{"start":{"line":30,"column":29},"end":{"line":30,"column":86}},"3":{"start":{"line":30,"column":73},"end":{"line":30,"column":80}},"4":{"start":{"line":31,"column":12},"end":{"line":31,"column":31}},"5":{"start":{"line":33,"column":12},"end":{"line":33,"column":42}},"6":{"start":{"line":37,"column":4},"end":{"line":62,"column":6}},"7":{"start":{"line":56,"column":16},"end":{"line":56,"column":38}}},"fnMap":{"0":{"name":"Dropdown","decl":{"start":{"line":20,"column":24},"end":{"line":20,"column":32}},"loc":{"start":{"line":26,"column":19},"end":{"line":63,"column":1}}},"1":{"name":"(anonymous_1)","decl":{"start":{"line":28,"column":25},"end":{"line":28,"column":26}},"loc":{"start":{"line":28,"column":69},"end":{"line":35,"column":5}}},"2":{"name":"(anonymous_2)","decl":{"start":{"line":30,"column":66},"end":{"line":30,"column":67}},"loc":{"start":{"line":30,"column":73},"end":{"line":30,"column":80}}},"3":{"name":"(anonymous_3)","decl":{"start":{"line":55,"column":26},"end":{"line":55,"column":27}},"loc":{"start":{"line":56,"column":16},"end":{"line":56,"column":38}}}},"branchMap":{"0":{"loc":{"start":{"line":22,"column":4},"end":{"line":22,"column":16}},"type":"default-arg","locations":[{"start":{"line":22,"column":14},"end":{"line":22,"column":16}}]},"1":{"loc":{"start":{"line":25,"column":4},"end":{"line":25,"column":20}},"type":"default-arg","locations":[{"start":{"line":25,"column":15},"end":{"line":25,"column":20}}]},"2":{"loc":{"start":{"line":29,"column":8},"end":{"line":34,"column":9}},"type":"if","locations":[{"start":{"line":29,"column":8},"end":{"line":34,"column":9}},{"start":{"line":32,"column":15},"end":{"line":34,"column":9}}]},"3":{"loc":{"start":{"line":39,"column":13},"end":{"line":39,"column":66}},"type":"binary-expr","locations":[{"start":{"line":39,"column":13},"end":{"line":39,"column":18}},{"start":{"line":39,"column":22},"end":{"line":39,"column":66}}]},"4":{"loc":{"start":{"line":49,"column":13},"end":{"line":52,"column":null}},"type":"binary-expr","locations":[{"start":{"line":49,"column":13},"end":{"line":49,"column":22}},{"start":{"line":50,"column":12},"end":{"line":50,"column":null}}]}},"s":{"0":2,"1":3,"2":2,"3":2,"4":2,"5":1,"6":2,"7":4},"f":{"0":2,"1":3,"2":2,"3":4},"b":{"0":[0],"1":[1],"2":[2,1],"3":[2,2],"4":[2,1]}}
,"C:\\Users\\Antonio\\Desktop\\Fork Kaizen\\FRONT_Kaizen\\src\\components\\LogoutButton.tsx": {"path":"C:\\Users\\Antonio\\Desktop\\Fork Kaizen\\FRONT_Kaizen\\src\\components\\LogoutButton.tsx","statementMap":{"0":{"start":{"line":4,"column":19},"end":{"line":4,"column":32}},"1":{"start":{"line":6,"column":23},"end":{"line":9,"column":3}},"2":{"start":{"line":7,"column":4},"end":{"line":7,"column":null}},"3":{"start":{"line":8,"column":4},"end":{"line":8,"column":null}},"4":{"start":{"line":11,"column":2},"end":{"line":15,"column":null}}},"fnMap":{"0":{"name":"LogoutButton","decl":{"start":{"line":3,"column":24},"end":{"line":3,"column":36}},"loc":{"start":{"line":3,"column":36},"end":{"line":16,"column":1}}},"1":{"name":"(anonymous_1)","decl":{"start":{"line":6,"column":23},"end":{"line":6,"column":26}},"loc":{"start":{"line":6,"column":28},"end":{"line":9,"column":3}}}},"branchMap":{},"s":{"0":2,"1":2,"2":1,"3":1,"4":2},"f":{"0":2,"1":1},"b":{}}
,"C:\\Users\\Antonio\\Desktop\\Fork Kaizen\\FRONT_Kaizen\\src\\components\\PrivateRoute.tsx": {"path":"C:\\Users\\Antonio\\Desktop\\Fork Kaizen\\FRONT_Kaizen\\src\\components\\PrivateRoute.tsx","statementMap":{"0":{"start":{"line":5,"column":2},"end":{"line":5,"column":null}}},"fnMap":{"0":{"name":"PrivateRoute","decl":{"start":{"line":4,"column":24},"end":{"line":4,"column":36}},"loc":{"start":{"line":4,"column":36},"end":{"line":6,"column":1}}}},"branchMap":{"0":{"loc":{"start":{"line":5,"column":9},"end":{"line":5,"column":66}},"type":"cond-expr","locations":[{"start":{"line":5,"column":29},"end":{"line":5,"column":39}},{"start":{"line":5,"column":42},"end":{"line":5,"column":66}}]}},"s":{"0":2},"f":{"0":2},"b":{"0":[1,1]}}
,"C:\\Users\\Antonio\\Desktop\\Fork Kaizen\\FRONT_Kaizen\\src\\components\\Button\\Button.tsx": {"path":"C:\\Users\\Antonio\\Desktop\\Fork Kaizen\\FRONT_Kaizen\\src\\components\\Button\\Button.tsx","statementMap":{"0":{"start":{"line":9,"column":15},"end":{"line":21,"column":null}},"1":{"start":{"line":12,"column":6},"end":{"line":12,"column":71}},"2":{"start":{"line":14,"column":4},"end":{"line":20,"column":6}},"3":{"start":{"line":24,"column":0},"end":{"line":24,"column":30}}},"fnMap":{"0":{"name":"(anonymous_0)","decl":{"start":{"line":10,"column":2},"end":{"line":10,"column":3}},"loc":{"start":{"line":10,"column":61},"end":{"line":21,"column":3}}}},"branchMap":{"0":{"loc":{"start":{"line":10,"column":5},"end":{"line":10,"column":19}},"type":"default-arg","locations":[{"start":{"line":10,"column":17},"end":{"line":10,"column":19}}]},"1":{"loc":{"start":{"line":10,"column":21},"end":{"line":10,"column":40}},"type":"default-arg","locations":[{"start":{"line":10,"column":31},"end":{"line":10,"column":40}}]},"2":{"loc":{"start":{"line":12,"column":6},"end":{"line":12,"column":71}},"type":"cond-expr","locations":[{"start":{"line":12,"column":32},"end":{"line":12,"column":51}},{"start":{"line":12,"column":54},"end":{"line":12,"column":71}}]}},"s":{"0":1,"1":2,"2":2,"3":1},"f":{"0":2},"b":{"0":[2],"1":[1],"2":[1,1]}}
,"C:\\Users\\Antonio\\Desktop\\Fork Kaizen\\FRONT_Kaizen\\src\\lib\\auth.ts": {"path":"C:\\Users\\Antonio\\Desktop\\Fork Kaizen\\FRONT_Kaizen\\src\\lib\\auth.ts","statementMap":{"0":{"start":{"line":1,"column":24},"end":{"line":3,"column":1}},"1":{"start":{"line":2,"column":2},"end":{"line":2,"column":null}},"2":{"start":{"line":6,"column":2},"end":{"line":6,"column":null}},"3":{"start":{"line":11,"column":18},"end":{"line":11,"column":51}},"4":{"start":{"line":12,"column":2},"end":{"line":12,"column":28}},"5":{"start":{"line":12,"column":16},"end":{"line":12,"column":28}},"6":{"start":{"line":13,"column":16},"end":{"line":13,"column":45}},"7":{"start":{"line":14,"column":2},"end":{"line":14,"column":null}},"8":{"start":{"line":18,"column":2},"end":{"line":18,"column":null}},"9":{"start":{"line":21,"column":2},"end":{"line":21,"column":null}}},"fnMap":{"0":{"name":"(anonymous_0)","decl":{"start":{"line":1,"column":24},"end":{"line":1,"column":27}},"loc":{"start":{"line":1,"column":29},"end":{"line":3,"column":1}}},"1":{"name":"getEnv","decl":{"start":{"line":5,"column":9},"end":{"line":5,"column":15}},"loc":{"start":{"line":5,"column":15},"end":{"line":7,"column":1}}},"2":{"name":"isAuthenticated","decl":{"start":{"line":10,"column":16},"end":{"line":10,"column":31}},"loc":{"start":{"line":10,"column":31},"end":{"line":15,"column":1}}},"3":{"name":"logout","decl":{"start":{"line":17,"column":16},"end":{"line":17,"column":22}},"loc":{"start":{"line":17,"column":22},"end":{"line":19,"column":1}}},"4":{"name":"login","decl":{"start":{"line":20,"column":16},"end":{"line":20,"column":21}},"loc":{"start":{"line":20,"column":35},"end":{"line":22,"column":1}}}},"branchMap":{"0":{"loc":{"start":{"line":6,"column":10},"end":{"line":6,"column":68}},"type":"binary-expr","locations":[{"start":{"line":6,"column":10},"end":{"line":6,"column":33}},{"start":{"line":6,"column":38},"end":{"line":6,"column":62}},{"start":{"line":6,"column":66},"end":{"line":6,"column":68}}]},"1":{"loc":{"start":{"line":12,"column":2},"end":{"line":12,"column":28}},"type":"if","locations":[{"start":{"line":12,"column":2},"end":{"line":12,"column":28}},{"start":{},"end":{}}]}},"s":{"0":2,"1":2,"2":5,"3":5,"4":5,"5":1,"6":4,"7":4,"8":1,"9":3},"f":{"0":2,"1":5,"2":5,"3":1,"4":3},"b":{"0":[5,5,0],"1":[1,4]}}
}
