TN:
SF:src\components\Dropdown.tsx
FN:20,Dropdown
FN:28,(anonymous_1)
FN:30,(anonymous_2)
FN:55,(anonymous_3)
FNF:4
FNH:4
FNDA:2,Dropdown
FNDA:3,(anonymous_1)
FNDA:2,(anonymous_2)
FNDA:4,(anonymous_3)
DA:28,2
DA:29,3
DA:30,2
DA:31,2
DA:33,1
DA:37,2
DA:56,4
LF:7
LH:7
BRDA:22,0,0,0
BRDA:25,1,0,1
BRDA:29,2,0,2
BRDA:29,2,1,1
BRDA:39,3,0,2
BRDA:39,3,1,2
BRDA:49,4,0,2
BRDA:49,4,1,1
BRF:8
BRH:7
end_of_record
TN:
SF:src\components\LogoutButton.tsx
FN:3,LogoutButton
FN:6,(anonymous_1)
FNF:2
FNH:2
FNDA:2,LogoutButton
FNDA:1,(anonymous_1)
DA:4,2
DA:6,2
DA:7,1
DA:8,1
DA:11,2
LF:5
LH:5
BRF:0
BRH:0
end_of_record
TN:
SF:src\components\PrivateRoute.tsx
FN:4,PrivateRoute
FNF:1
FNH:1
FNDA:2,PrivateRoute
DA:5,2
LF:1
LH:1
BRDA:5,0,0,1
BRDA:5,0,1,1
BRF:2
BRH:2
end_of_record
TN:
SF:src\components\Button\Button.tsx
FN:10,(anonymous_0)
FNF:1
FNH:1
FNDA:2,(anonymous_0)
DA:9,1
DA:12,2
DA:14,2
DA:24,1
LF:4
LH:4
BRDA:10,0,0,2
BRDA:10,1,0,1
BRDA:12,2,0,1
BRDA:12,2,1,1
BRF:4
BRH:4
end_of_record
TN:
SF:src\lib\auth.ts
FN:1,(anonymous_0)
FN:5,getEnv
FN:10,isAuthenticated
FN:17,logout
FN:20,login
FNF:5
FNH:5
FNDA:2,(anonymous_0)
FNDA:5,getEnv
FNDA:5,isAuthenticated
FNDA:1,logout
FNDA:3,login
DA:1,2
DA:2,2
DA:6,5
DA:11,5
DA:12,5
DA:13,4
DA:14,4
DA:18,1
DA:21,3
LF:9
LH:9
BRDA:6,0,0,5
BRDA:6,0,1,5
BRDA:6,0,2,0
BRDA:12,1,0,1
BRDA:12,1,1,4
BRF:5
BRH:4
end_of_record
